#
# A fatal error has been detected by the Java Runtime Environment:
#
#  EXCEPTION_PRIV_INSTRUCTION (0xc0000096) at pc=0x00007ffbfacc7e4d, pid=11456, tid=10864
#
# JRE version: OpenJDK Runtime Environment (22.0.2+9) (build 22.0.2+9-70)
# Java VM: OpenJDK 64-Bit Server VM (22.0.2+9-70, mixed mode, emulated-client, sharing, tiered, compressed oops, compressed class ptrs, g1 gc, windows-amd64)
# Problematic frame:
# V  [jvm.dll+0x197e4d]
#
# No core dump will be written. Minidumps are not enabled by default on client versions of Windows
#
# If you would like to submit a bug report, please visit:
#   https://bugreport.java.com/bugreport/crash.jsp
#

---------------  S U M M A R Y ------------

Command Line: -XX:TieredStopAtLevel=1 -Dspring.output.ansi.enabled=always -Dcom.sun.management.jmxremote -Dspring.jmx.enabled=true -Dspring.liveBeansView.mbeanDomain -Dspring.application.admin.enabled=true -Dmanagement.endpoints.jmx.exposure.include=* -javaagent:C:\Program Files\JetBrains\IntelliJ IDEA 2024.1.1\lib\idea_rt.jar=51902:C:\Program Files\JetBrains\IntelliJ IDEA 2024.1.1\bin -Dfile.encoding=UTF-8 -Dsun.stdout.encoding=UTF-8 -Dsun.stderr.encoding=UTF-8 com.example.demo.DemoApplication

Host: AMD Ryzen 7 4800H with Radeon Graphics         , 16 cores, 7G,  Windows 11 , 64 bit Build 22621 (10.0.22621.3958)
Time: Thu Sep 19 19:15:59 2024 SE Asia Standard Time elapsed time: 5.094522 seconds (0d 0h 0m 5s)

---------------  T H R E A D  ---------------

Current thread (0x00000220bf838090):  JavaThread "C1 CompilerThread0" daemon [_thread_in_native, id=10864, stack(0x00000040fbe00000,0x00000040fbf00000) (1024K)]


Current CompileTask:
C1:5094 2161   !   1       org.springframework.boot.context.properties.source.SpringConfigurationPropertySource::getConfigurationProperty (119 bytes)

Stack: [0x00000040fbe00000,0x00000040fbf00000],  sp=0x00000040fbefde00,  free space=1015k
Native frames: (J=compiled Java code, j=interpreted, Vv=VM code, C=native code)
V  [jvm.dll+0x197e4d]  (no source info available)
V  [jvm.dll+0x1986f6]  (no source info available)
V  [jvm.dll+0x153e45]  (no source info available)
V  [jvm.dll+0x1535c3]  (no source info available)
V  [jvm.dll+0x1538a0]  (no source info available)
V  [jvm.dll+0x152c1d]  (no source info available)
V  [jvm.dll+0x154add]  (no source info available)
V  [jvm.dll+0x2568f3]  (no source info available)
V  [jvm.dll+0x254baa]  (no source info available)
V  [jvm.dll+0x3f57a6]  (no source info available)
V  [jvm.dll+0x81dc0b]  (no source info available)
V  [jvm.dll+0x6e0d85]  (no source info available)
C  [ucrtbase.dll+0x29333]  (no source info available)
C  [KERNEL32.DLL+0x1257d]  (no source info available)
C  [ntdll.dll+0x5af28]  (no source info available)


siginfo: EXCEPTION_PRIV_INSTRUCTION (0xc0000096)


Registers:
RAX=0x0000022105b4ec30, RBX=0x0000000000000280, RCX=0x00000221057bb460, RDX=0x0000000000000010
RSP=0x00000040fbefde00, RBP=0x00000040fbefdf00, RSI=0x0000000000000003, RDI=0x0000000000000001
R8 =0x0000000000000040, R9 =0x0000000000000040, R10=0x00007ffc70fd0000, R11=0x00007ffc70fd1b8d
R12=0x0000022105b4edb0, R13=0x00000221053eb2f8, R14=0x00007ffbfb70ba00, R15=0x0000000000000009
RIP=0x00007ffbfacc7e4d, EFLAGS=0x0000000000010246


Register to memory mapping:

RAX=0x0000022105b4ec30 points into unknown readable memory: 0x0000000800000003 | 03 00 00 00 08 00 00 00
RBX=0x0000000000000280 is an unknown value
RCX=0x00000221057bb460 points into unknown readable memory: 0x0000000000000000 | 00 00 00 00 00 00 00 00
RDX=0x0000000000000010 is an unknown value
RSP=0x00000040fbefde00 is pointing into the stack for thread: 0x00000220bf838090
RBP=0x00000040fbefdf00 is pointing into the stack for thread: 0x00000220bf838090
RSI=0x0000000000000003 is an unknown value
RDI=0x0000000000000001 is an unknown value
R8 =0x0000000000000040 is an unknown value
R9 =0x0000000000000040 is an unknown value
R10=0x00007ffc70fd0000 VCRUNTIME140.dll
R11=0x00007ffc70fd1b8d VCRUNTIME140.dll
R12=0x0000022105b4edb0 points into unknown readable memory: 0x00000040fbefe5f0 | f0 e5 ef fb 40 00 00 00
R13=0x00000221053eb2f8 points into unknown readable memory: 0x00007ffbfb4ee968 | 68 e9 4e fb fb 7f 00 00
R14=0x00007ffbfb70ba00 jvm.dll
R15=0x0000000000000009 is an unknown value

Top of Stack: (sp=0x00000040fbefde00)
0x00000040fbefde00:   ffffffffffffffff 0000022105b4eb88
0x00000040fbefde10:   00000040fbefdf00 00000221053eb6c8
0x00000040fbefde20:   0000004000000009 00000221057bb450
0x00000040fbefde30:   0000000000000280 0000022105b4f7b0
0x00000040fbefde40:   00000000000004d0 0000000000000002
0x00000040fbefde50:   0000000000000001 0000022105b4edb0
0x00000040fbefde60:   0000000000000018 00000221057bb400
0x00000040fbefde70:   0000000000000280 0000000000000000
0x00000040fbefde80:   00000221053eb2f8 0000000000000003
0x00000040fbefde90:   0000022105b4ec30 0000000000000280
0x00000040fbefdea0:   0000000000000019 00000221057bb360
0x00000040fbefdeb0:   0000000000000280 00000221057bb3b0
0x00000040fbefdec0:   0000000000000280 0000000000000000
0x00000040fbefded0:   0000022105b4eb88 0000000000000001
0x00000040fbefdee0:   0000004000000000 0000022105b4ebb8
0x00000040fbefdef0:   0000022105b4dbb8 0000022105b4dbc0
0x00000040fbefdf00:   0000022105b4dbc8 0000022105b4dbd0
0x00000040fbefdf10:   00000221052d2478 00007ffbfb1d2fea
0x00000040fbefdf20:   00000221052d2478 00000221052cf880
0x00000040fbefdf30:   00000040fbefdfa9 00007ffbfac64988
0x00000040fbefdf40:   0000022105b4e580 000000000000000a
0x00000040fbefdf50:   00000221052d2101 00000221052cf880
0x00000040fbefdf60:   00000221052cf880 00000221052cf7d0
0x00000040fbefdf70:   00000221052d0715 0000000000000000
0x00000040fbefdf80:   0000022105b4d860 00000221052d06a0
0x00000040fbefdf90:   0000022105b4dab8 0000022105b4dac8
0x00000040fbefdfa0:   0000022105b4dad0 0000022105b4dad8
0x00000040fbefdfb0:   0000000000000020 0000000000000070
0x00000040fbefdfc0:   000000000099501b 00007ffbfacae68c
0x00000040fbefdfd0:   000000000099501b 0000022105b4e7e0
0x00000040fbefdfe0:   00000040fbefe060 00000221052cf880
0x00000040fbefdff0:   00000040fbefe070 0000000000000000 

Instructions: (pc=0x00007ffbfacc7e4d)
0x00007ffbfacc7d4d:   5d c3 cc 48 89 5c 24 10 48 89 74 24 18 48 89 7c
0x00007ffbfacc7d5d:   24 20 55 41 54 41 55 41 56 41 57 48 8d ac 24 e0
0x00007ffbfacc7d6d:   fd ff ff 48 81 ec 20 03 00 00 48 8b 05 3a e7 a6
0x00007ffbfacc7d7d:   00 48 33 c4 48 89 85 10 02 00 00 48 63 51 38 45
0x00007ffbfacc7d8d:   33 ed 48 8b 41 08 4c 8b e1 48 63 79 20 41 b0 01
0x00007ffbfacc7d9d:   4c 89 6d d0 45 32 f6 8d 72 3f 66 44 89 ad 08 02
0x00007ffbfacc7dad:   00 00 4c 89 6d d8 83 e6 c0 44 89 6d e0 45 8b fd
0x00007ffbfacc7dbd:   44 89 ad e0 01 00 00 48 63 58 10 48 89 4c 24 58
0x00007ffbfacc7dcd:   48 8d 4c 24 38 48 0f af d3 44 89 6c 24 20 e8 a0
0x00007ffbfacc7ddd:   68 fa ff 48 89 5c 24 48 48 89 7d a0 85 ff 0f 8e
0x00007ffbfacc7ded:   90 06 00 00 41 8b cd 48 63 de 48 89 4c 24 60 48
0x00007ffbfacc7dfd:   89 5d 98 49 8b 44 24 28 41 b0 01 48 8b d3 4c 8b
0x00007ffbfacc7e0d:   2c c8 48 8d 4c 24 68 4c 89 6d 80 e8 63 68 fa ff
0x00007ffbfacc7e1d:   41 b0 01 48 8d 4c 24 28 48 8b d3 e8 53 68 fa ff
0x00007ffbfacc7e2d:   41 8b 85 84 00 00 00 c1 e8 02 a8 01 0f 84 06 01
0x00007ffbfacc7e3d:   00 00 49 8b 75 60 33 ff 44 8b 7e 30 45 85 ff 7e
0x00007ffbfacc7e4d:   6c 66 90 48 8b 46 38 48 63 cf 48 8b 1c c8 48 85
0x00007ffbfacc7e5d:   db 74 4e 48 8b 03 48 8b cb ff 50 10 48 85 c0 74
0x00007ffbfacc7e6d:   37 4c 39 68 58 75 31 48 8b 48 18 83 79 0c 08 74
0x00007ffbfacc7e7d:   27 44 8b 40 30 48 8b 44 24 28 49 c1 e8 0e 49 8b
0x00007ffbfacc7e8d:   c8 41 83 e0 3f 48 c1 e9 06 48 8d 14 c8 48 8b 04
0x00007ffbfacc7e9d:   c8 4c 0f ab c0 48 89 02 48 8b 43 18 8b 48 08 eb
0x00007ffbfacc7ead:   05 b9 01 00 00 00 03 f9 41 3b ff 7c 96 44 8b 7e
0x00007ffbfacc7ebd:   18 33 ff 45 85 ff 7e 7b 66 66 66 0f 1f 84 00 00
0x00007ffbfacc7ecd:   00 00 00 48 8b 46 20 48 63 cf 48 8b 1c c8 48 85
0x00007ffbfacc7edd:   db 74 54 48 8b 03 48 8b cb ff 50 10 48 85 c0 74
0x00007ffbfacc7eed:   37 4c 39 68 58 75 31 48 8b 48 18 83 79 0c 08 74
0x00007ffbfacc7efd:   27 44 8b 40 30 48 8b 44 24 28 49 c1 e8 0e 49 8b
0x00007ffbfacc7f0d:   c8 41 83 e0 3f 48 c1 e9 06 48 8d 14 c8 48 8b 04
0x00007ffbfacc7f1d:   c8 4c 0f ab c0 48 89 02 48 8b 43 18 83 78 0c 08
0x00007ffbfacc7f2d:   74 05 8b 40 08 eb 05 b8 01 00 00 00 03 f8 41 3b
0x00007ffbfacc7f3d:   ff 7c 90 44 8b 7c 24 20 49 8b 85 30 01 00 00 bf 


Stack slot to memory mapping:

stack at sp + 0 slots: 0xffffffffffffffff is an unknown value
stack at sp + 1 slots: 0x0000022105b4eb88 points into unknown readable memory: 0x00007ffbfb4f1e50 | 50 1e 4f fb fb 7f 00 00
stack at sp + 2 slots: 0x00000040fbefdf00 is pointing into the stack for thread: 0x00000220bf838090
stack at sp + 3 slots: 0x00000221053eb6c8 points into unknown readable memory: 0x00007ffbfb4ee968 | 68 e9 4e fb fb 7f 00 00
stack at sp + 4 slots: 0x0000004000000009 is an unknown value
stack at sp + 5 slots: 0x00000221057bb450 points into unknown readable memory: 0x0000000000000000 | 00 00 00 00 00 00 00 00
stack at sp + 6 slots: 0x0000000000000280 is an unknown value
stack at sp + 7 slots: 0x0000022105b4f7b0 points into unknown readable memory: 0x0000000000000000 | 00 00 00 00 00 00 00 00


---------------  P R O C E S S  ---------------

Threads class SMR info:
_java_thread_list=0x0000022106258d70, length=21, elements={
0x00000220ac7e1720, 0x00000220bf6fd1e0, 0x00000220bf6fe050, 0x00000220bf700c80,
0x00000220bf702ff0, 0x00000220bf724280, 0x00000220bf7250f0, 0x00000220bf838090,
0x00000220bf6cd230, 0x00000220bf930030, 0x00000220bf92d750, 0x0000022105167e00,
0x0000022105168470, 0x00000220bf92f290, 0x00000221054c98c0, 0x0000022105513420,
0x000002210557fbe0, 0x0000022105582b10, 0x0000022105bd4590, 0x0000022105bd31e0,
0x0000022105bd52b0
}

Java Threads: ( => current thread )
  0x00000220ac7e1720 JavaThread "main"                              [_thread_blocked, id=18920, stack(0x00000040fb000000,0x00000040fb100000) (1024K)]
  0x00000220bf6fd1e0 JavaThread "Reference Handler"          daemon [_thread_blocked, id=19088, stack(0x00000040fb800000,0x00000040fb900000) (1024K)]
  0x00000220bf6fe050 JavaThread "Finalizer"                  daemon [_thread_blocked, id=13832, stack(0x00000040fb900000,0x00000040fba00000) (1024K)]
  0x00000220bf700c80 JavaThread "Signal Dispatcher"          daemon [_thread_blocked, id=1888, stack(0x00000040fba00000,0x00000040fbb00000) (1024K)]
  0x00000220bf702ff0 JavaThread "Attach Listener"            daemon [_thread_blocked, id=5156, stack(0x00000040fbb00000,0x00000040fbc00000) (1024K)]
  0x00000220bf724280 JavaThread "Service Thread"             daemon [_thread_blocked, id=7940, stack(0x00000040fbc00000,0x00000040fbd00000) (1024K)]
  0x00000220bf7250f0 JavaThread "Monitor Deflation Thread"   daemon [_thread_blocked, id=7564, stack(0x00000040fbd00000,0x00000040fbe00000) (1024K)]
=>0x00000220bf838090 JavaThread "C1 CompilerThread0"         daemon [_thread_in_native, id=10864, stack(0x00000040fbe00000,0x00000040fbf00000) (1024K)]
  0x00000220bf6cd230 JavaThread "Common-Cleaner"             daemon [_thread_blocked, id=11260, stack(0x00000040fbf00000,0x00000040fc000000) (1024K)]
  0x00000220bf930030 JavaThread "C1 CompilerThread1"         daemon [_thread_blocked, id=7684, stack(0x00000040fc000000,0x00000040fc100000) (1024K)]
  0x00000220bf92d750 JavaThread "C1 CompilerThread2"         daemon [_thread_blocked, id=4488, stack(0x00000040fc100000,0x00000040fc200000) (1024K)]
  0x0000022105167e00 JavaThread "Monitor Ctrl-Break"         daemon [_thread_in_native, id=7444, stack(0x00000040fc300000,0x00000040fc400000) (1024K)]
  0x0000022105168470 JavaThread "Notification Thread"        daemon [_thread_blocked, id=16168, stack(0x00000040fc400000,0x00000040fc500000) (1024K)]
  0x00000220bf92f290 JavaThread "C1 CompilerThread3"         daemon [_thread_blocked, id=7408, stack(0x00000040fc200000,0x00000040fc300000) (1024K)]
  0x00000221054c98c0 JavaThread "RMI TCP Accept-0"           daemon [_thread_in_native, id=8372, stack(0x00000040fc500000,0x00000040fc600000) (1024K)]
  0x0000022105513420 JavaThread "RMI TCP Connection(1)-10.0.2.209" daemon [_thread_in_native, id=2892, stack(0x00000040fc600000,0x00000040fc700000) (1024K)]
  0x000002210557fbe0 JavaThread "RMI Scheduler(0)"           daemon [_thread_blocked, id=17164, stack(0x00000040fc700000,0x00000040fc800000) (1024K)]
  0x0000022105582b10 JavaThread "JMX server connection timeout 34" daemon [_thread_blocked, id=2792, stack(0x00000040fc800000,0x00000040fc900000) (1024K)]
  0x0000022105bd4590 JavaThread "Thread-0"                          [_thread_blocked, id=5316, stack(0x00000040fd200000,0x00000040fd300000) (1024K)]
  0x0000022105bd31e0 JavaThread "restartedMain"                     [_thread_in_native, id=16892, stack(0x00000040fd300000,0x00000040fd400000) (1024K)]
  0x0000022105bd52b0 JavaThread "background-preinit"                [_thread_in_vm, id=14856, stack(0x00000040fd400000,0x00000040fd500000) (1024K)]
Total: 21

Other Threads:
  0x00000220bf6e0720 VMThread "VM Thread"                           [id=5192, stack(0x00000040fb700000,0x00000040fb800000) (1024K)]
  0x00000220bf6ca3e0 WatcherThread "VM Periodic Task Thread"        [id=5704, stack(0x00000040fb600000,0x00000040fb700000) (1024K)]
  0x00000220ac835420 WorkerThread "GC Thread#0"                     [id=15720, stack(0x00000040fb100000,0x00000040fb200000) (1024K)]
  0x0000022105607f90 WorkerThread "GC Thread#1"                     [id=10444, stack(0x00000040fc900000,0x00000040fca00000) (1024K)]
  0x000002210568f580 WorkerThread "GC Thread#2"                     [id=17052, stack(0x00000040fca00000,0x00000040fcb00000) (1024K)]
  0x000002210568ee20 WorkerThread "GC Thread#3"                     [id=10804, stack(0x00000040fcb00000,0x00000040fcc00000) (1024K)]
  0x000002210568f1d0 WorkerThread "GC Thread#4"                     [id=18028, stack(0x00000040fcc00000,0x00000040fcd00000) (1024K)]
  0x000002210568dbb0 WorkerThread "GC Thread#5"                     [id=5492, stack(0x00000040fcd00000,0x00000040fce00000) (1024K)]
  0x000002210568df60 WorkerThread "GC Thread#6"                     [id=16048, stack(0x00000040fce00000,0x00000040fcf00000) (1024K)]
  0x000002210568e310 WorkerThread "GC Thread#7"                     [id=3700, stack(0x00000040fcf00000,0x00000040fd000000) (1024K)]
  0x000002210568e6c0 WorkerThread "GC Thread#8"                     [id=11856, stack(0x00000040fd000000,0x00000040fd100000) (1024K)]
  0x000002210568ea70 WorkerThread "GC Thread#9"                     [id=7132, stack(0x00000040fd100000,0x00000040fd200000) (1024K)]
  0x0000022105b649a0 WorkerThread "GC Thread#10"                    [id=6744, stack(0x00000040fd500000,0x00000040fd600000) (1024K)]
  0x0000022105b66ad0 WorkerThread "GC Thread#11"                    [id=15512, stack(0x00000040fd600000,0x00000040fd700000) (1024K)]
  0x0000022105b66720 WorkerThread "GC Thread#12"                    [id=11580, stack(0x00000040fd700000,0x00000040fd800000) (1024K)]
  0x00000220ac845190 ConcurrentGCThread "G1 Main Marker"            [id=7680, stack(0x00000040fb200000,0x00000040fb300000) (1024K)]
  0x00000220ac845e50 WorkerThread "G1 Conc#0"                       [id=14320, stack(0x00000040fb300000,0x00000040fb400000) (1024K)]
  0x00000220bf59c6b0 ConcurrentGCThread "G1 Refine#0"               [id=16860, stack(0x00000040fb400000,0x00000040fb500000) (1024K)]
  0x00000220bf59d230 ConcurrentGCThread "G1 Service"                [id=17972, stack(0x00000040fb500000,0x00000040fb600000) (1024K)]
Total: 19

Threads with active compile tasks:
C1 CompilerThread0  5177 2161   !   1       org.springframework.boot.context.properties.source.SpringConfigurationPropertySource::getConfigurationProperty (119 bytes)
Total: 1

VM state: not at safepoint (normal execution)

VM Mutex/Monitor currently owned by a thread: None

Heap address: 0x0000000089400000, size: 1900 MB, Compressed Oops mode: 32-bit

CDS archive(s) mapped at: [0x00000220c0000000-0x00000220c0c60000-0x00000220c0c60000), size 12976128, SharedBaseAddress: 0x00000220c0000000, ArchiveRelocationMode: 1.
Compressed class space mapped at: 0x00000220c1000000-0x0000022101000000, reserved size: 1073741824
Narrow klass base: 0x00000220c0000000, Narrow klass shift: 0, Narrow klass range: 0x41000000

GC Precious Log:
 CardTable entry size: 512
 Card Set container configuration: InlinePtr #cards 5 size 8 Array Of Cards #cards 12 size 40 Howl #buckets 4 coarsen threshold 1843 Howl Bitmap #cards 512 size 80 coarsen threshold 460 Card regions per heap region 1 cards per card region 2048
 CPUs: 16 total, 16 available
 Memory: 7597M
 Large Page Support: Disabled
 NUMA Support: Disabled
 Compressed Oops: Enabled (32-bit)
 Heap Region Size: 1M
 Heap Min Capacity: 8M
 Heap Initial Capacity: 120M
 Heap Max Capacity: 1900M
 Pre-touch: Disabled
 Parallel Workers: 13
 Concurrent Workers: 3
 Concurrent Refinement Workers: 13
 Periodic GC: Disabled

Heap:
 garbage-first heap   total reserved 1945600K, committed 122880K, used 12049K [0x0000000089400000, 0x0000000100000000)
  region size 1024K, 5 young (5120K), 3 survivors (3072K)
 Metaspace       used 12631K, committed 12992K, reserved 1114112K
  class space    used 1733K, committed 1920K, reserved 1048576K

Heap Regions: E=young(eden), S=young(survivor), O=old, HS=humongous(starts), HC=humongous(continues), CS=collection set, F=free, TAMS=top-at-mark-start, PB=parsable bottom
|   0|0x0000000089400000, 0x0000000089500000, 0x0000000089500000|100%|HS|  |TAMS 0x0000000089400000| PB 0x0000000089400000| Complete |  0
|   1|0x0000000089500000, 0x0000000089600000, 0x0000000089600000|100%| O|  |TAMS 0x0000000089500000| PB 0x0000000089500000| Untracked |  0
|   2|0x0000000089600000, 0x0000000089700000, 0x0000000089700000|100%| O|  |TAMS 0x0000000089600000| PB 0x0000000089600000| Untracked |  0
|   3|0x0000000089700000, 0x0000000089800000, 0x0000000089800000|100%| O|  |TAMS 0x0000000089700000| PB 0x0000000089700000| Untracked |  0
|   4|0x0000000089800000, 0x0000000089900000, 0x0000000089900000|100%| O|  |TAMS 0x0000000089800000| PB 0x0000000089800000| Untracked |  0
|   5|0x0000000089900000, 0x0000000089a00000, 0x0000000089a00000|100%| O|  |TAMS 0x0000000089900000| PB 0x0000000089900000| Untracked |  0
|   6|0x0000000089a00000, 0x0000000089b00000, 0x0000000089b00000|100%| O|  |TAMS 0x0000000089a00000| PB 0x0000000089a00000| Untracked |  0
|   7|0x0000000089b00000, 0x0000000089c00000, 0x0000000089c00000|100%| O|  |TAMS 0x0000000089b00000| PB 0x0000000089b00000| Untracked |  0
|   8|0x0000000089c00000, 0x0000000089ca0540, 0x0000000089d00000| 62%| O|  |TAMS 0x0000000089c00000| PB 0x0000000089c00000| Untracked |  0
|   9|0x0000000089d00000, 0x0000000089d00000, 0x0000000089e00000|  0%| F|  |TAMS 0x0000000089d00000| PB 0x0000000089d00000| Untracked |  0
|  10|0x0000000089e00000, 0x0000000089e00000, 0x0000000089f00000|  0%| F|  |TAMS 0x0000000089e00000| PB 0x0000000089e00000| Untracked |  0
|  11|0x0000000089f00000, 0x0000000089f00000, 0x000000008a000000|  0%| F|  |TAMS 0x0000000089f00000| PB 0x0000000089f00000| Untracked |  0
|  12|0x000000008a000000, 0x000000008a000000, 0x000000008a100000|  0%| F|  |TAMS 0x000000008a000000| PB 0x000000008a000000| Untracked |  0
|  13|0x000000008a100000, 0x000000008a100000, 0x000000008a200000|  0%| F|  |TAMS 0x000000008a100000| PB 0x000000008a100000| Untracked |  0
|  14|0x000000008a200000, 0x000000008a200000, 0x000000008a300000|  0%| F|  |TAMS 0x000000008a200000| PB 0x000000008a200000| Untracked |  0
|  15|0x000000008a300000, 0x000000008a300000, 0x000000008a400000|  0%| F|  |TAMS 0x000000008a300000| PB 0x000000008a300000| Untracked |  0
|  16|0x000000008a400000, 0x000000008a400000, 0x000000008a500000|  0%| F|  |TAMS 0x000000008a400000| PB 0x000000008a400000| Untracked |  0
|  17|0x000000008a500000, 0x000000008a500000, 0x000000008a600000|  0%| F|  |TAMS 0x000000008a500000| PB 0x000000008a500000| Untracked |  0
|  18|0x000000008a600000, 0x000000008a600000, 0x000000008a700000|  0%| F|  |TAMS 0x000000008a600000| PB 0x000000008a600000| Untracked |  0
|  19|0x000000008a700000, 0x000000008a700000, 0x000000008a800000|  0%| F|  |TAMS 0x000000008a700000| PB 0x000000008a700000| Untracked |  0
|  20|0x000000008a800000, 0x000000008a800000, 0x000000008a900000|  0%| F|  |TAMS 0x000000008a800000| PB 0x000000008a800000| Untracked |  0
|  21|0x000000008a900000, 0x000000008a900000, 0x000000008aa00000|  0%| F|  |TAMS 0x000000008a900000| PB 0x000000008a900000| Untracked |  0
|  22|0x000000008aa00000, 0x000000008aa00000, 0x000000008ab00000|  0%| F|  |TAMS 0x000000008aa00000| PB 0x000000008aa00000| Untracked |  0
|  23|0x000000008ab00000, 0x000000008ab00000, 0x000000008ac00000|  0%| F|  |TAMS 0x000000008ab00000| PB 0x000000008ab00000| Untracked |  0
|  24|0x000000008ac00000, 0x000000008ac00000, 0x000000008ad00000|  0%| F|  |TAMS 0x000000008ac00000| PB 0x000000008ac00000| Untracked |  0
|  25|0x000000008ad00000, 0x000000008ad00000, 0x000000008ae00000|  0%| F|  |TAMS 0x000000008ad00000| PB 0x000000008ad00000| Untracked |  0
|  26|0x000000008ae00000, 0x000000008ae00000, 0x000000008af00000|  0%| F|  |TAMS 0x000000008ae00000| PB 0x000000008ae00000| Untracked |  0
|  27|0x000000008af00000, 0x000000008af00000, 0x000000008b000000|  0%| F|  |TAMS 0x000000008af00000| PB 0x000000008af00000| Untracked |  0
|  28|0x000000008b000000, 0x000000008b000000, 0x000000008b100000|  0%| F|  |TAMS 0x000000008b000000| PB 0x000000008b000000| Untracked |  0
|  29|0x000000008b100000, 0x000000008b100000, 0x000000008b200000|  0%| F|  |TAMS 0x000000008b100000| PB 0x000000008b100000| Untracked |  0
|  30|0x000000008b200000, 0x000000008b200000, 0x000000008b300000|  0%| F|  |TAMS 0x000000008b200000| PB 0x000000008b200000| Untracked |  0
|  31|0x000000008b300000, 0x000000008b300000, 0x000000008b400000|  0%| F|  |TAMS 0x000000008b300000| PB 0x000000008b300000| Untracked |  0
|  32|0x000000008b400000, 0x000000008b400000, 0x000000008b500000|  0%| F|  |TAMS 0x000000008b400000| PB 0x000000008b400000| Untracked |  0
|  33|0x000000008b500000, 0x000000008b500000, 0x000000008b600000|  0%| F|  |TAMS 0x000000008b500000| PB 0x000000008b500000| Untracked |  0
|  34|0x000000008b600000, 0x000000008b600000, 0x000000008b700000|  0%| F|  |TAMS 0x000000008b600000| PB 0x000000008b600000| Untracked |  0
|  35|0x000000008b700000, 0x000000008b700000, 0x000000008b800000|  0%| F|  |TAMS 0x000000008b700000| PB 0x000000008b700000| Untracked |  0
|  36|0x000000008b800000, 0x000000008b800000, 0x000000008b900000|  0%| F|  |TAMS 0x000000008b800000| PB 0x000000008b800000| Untracked |  0
|  37|0x000000008b900000, 0x000000008b900000, 0x000000008ba00000|  0%| F|  |TAMS 0x000000008b900000| PB 0x000000008b900000| Untracked |  0
|  38|0x000000008ba00000, 0x000000008ba00000, 0x000000008bb00000|  0%| F|  |TAMS 0x000000008ba00000| PB 0x000000008ba00000| Untracked |  0
|  39|0x000000008bb00000, 0x000000008bb00000, 0x000000008bc00000|  0%| F|  |TAMS 0x000000008bb00000| PB 0x000000008bb00000| Untracked |  0
|  40|0x000000008bc00000, 0x000000008bc00000, 0x000000008bd00000|  0%| F|  |TAMS 0x000000008bc00000| PB 0x000000008bc00000| Untracked |  0
|  41|0x000000008bd00000, 0x000000008bd00000, 0x000000008be00000|  0%| F|  |TAMS 0x000000008bd00000| PB 0x000000008bd00000| Untracked |  0
|  42|0x000000008be00000, 0x000000008be00000, 0x000000008bf00000|  0%| F|  |TAMS 0x000000008be00000| PB 0x000000008be00000| Untracked |  0
|  43|0x000000008bf00000, 0x000000008bf00000, 0x000000008c000000|  0%| F|  |TAMS 0x000000008bf00000| PB 0x000000008bf00000| Untracked |  0
|  44|0x000000008c000000, 0x000000008c000000, 0x000000008c100000|  0%| F|  |TAMS 0x000000008c000000| PB 0x000000008c000000| Untracked |  0
|  45|0x000000008c100000, 0x000000008c100000, 0x000000008c200000|  0%| F|  |TAMS 0x000000008c100000| PB 0x000000008c100000| Untracked |  0
|  46|0x000000008c200000, 0x000000008c200000, 0x000000008c300000|  0%| F|  |TAMS 0x000000008c200000| PB 0x000000008c200000| Untracked |  0
|  47|0x000000008c300000, 0x000000008c300000, 0x000000008c400000|  0%| F|  |TAMS 0x000000008c300000| PB 0x000000008c300000| Untracked |  0
|  48|0x000000008c400000, 0x000000008c400000, 0x000000008c500000|  0%| F|  |TAMS 0x000000008c400000| PB 0x000000008c400000| Untracked |  0
|  49|0x000000008c500000, 0x000000008c500000, 0x000000008c600000|  0%| F|  |TAMS 0x000000008c500000| PB 0x000000008c500000| Untracked |  0
|  50|0x000000008c600000, 0x000000008c600000, 0x000000008c700000|  0%| F|  |TAMS 0x000000008c600000| PB 0x000000008c600000| Untracked |  0
|  51|0x000000008c700000, 0x000000008c700000, 0x000000008c800000|  0%| F|  |TAMS 0x000000008c700000| PB 0x000000008c700000| Untracked |  0
|  52|0x000000008c800000, 0x000000008c800000, 0x000000008c900000|  0%| F|  |TAMS 0x000000008c800000| PB 0x000000008c800000| Untracked |  0
|  53|0x000000008c900000, 0x000000008c900000, 0x000000008ca00000|  0%| F|  |TAMS 0x000000008c900000| PB 0x000000008c900000| Untracked |  0
|  54|0x000000008ca00000, 0x000000008ca00000, 0x000000008cb00000|  0%| F|  |TAMS 0x000000008ca00000| PB 0x000000008ca00000| Untracked |  0
|  55|0x000000008cb00000, 0x000000008cb00000, 0x000000008cc00000|  0%| F|  |TAMS 0x000000008cb00000| PB 0x000000008cb00000| Untracked |  0
|  56|0x000000008cc00000, 0x000000008cc00000, 0x000000008cd00000|  0%| F|  |TAMS 0x000000008cc00000| PB 0x000000008cc00000| Untracked |  0
|  57|0x000000008cd00000, 0x000000008cd00000, 0x000000008ce00000|  0%| F|  |TAMS 0x000000008cd00000| PB 0x000000008cd00000| Untracked |  0
|  58|0x000000008ce00000, 0x000000008ce00000, 0x000000008cf00000|  0%| F|  |TAMS 0x000000008ce00000| PB 0x000000008ce00000| Untracked |  0
|  59|0x000000008cf00000, 0x000000008cf00000, 0x000000008d000000|  0%| F|  |TAMS 0x000000008cf00000| PB 0x000000008cf00000| Untracked |  0
|  60|0x000000008d000000, 0x000000008d000000, 0x000000008d100000|  0%| F|  |TAMS 0x000000008d000000| PB 0x000000008d000000| Untracked |  0
|  61|0x000000008d100000, 0x000000008d100000, 0x000000008d200000|  0%| F|  |TAMS 0x000000008d100000| PB 0x000000008d100000| Untracked |  0
|  62|0x000000008d200000, 0x000000008d200000, 0x000000008d300000|  0%| F|  |TAMS 0x000000008d200000| PB 0x000000008d200000| Untracked |  0
|  63|0x000000008d300000, 0x000000008d300000, 0x000000008d400000|  0%| F|  |TAMS 0x000000008d300000| PB 0x000000008d300000| Untracked |  0
|  64|0x000000008d400000, 0x000000008d400000, 0x000000008d500000|  0%| F|  |TAMS 0x000000008d400000| PB 0x000000008d400000| Untracked |  0
|  65|0x000000008d500000, 0x000000008d500000, 0x000000008d600000|  0%| F|  |TAMS 0x000000008d500000| PB 0x000000008d500000| Untracked |  0
|  66|0x000000008d600000, 0x000000008d600000, 0x000000008d700000|  0%| F|  |TAMS 0x000000008d600000| PB 0x000000008d600000| Untracked |  0
|  67|0x000000008d700000, 0x000000008d700000, 0x000000008d800000|  0%| F|  |TAMS 0x000000008d700000| PB 0x000000008d700000| Untracked |  0
|  68|0x000000008d800000, 0x000000008d800000, 0x000000008d900000|  0%| F|  |TAMS 0x000000008d800000| PB 0x000000008d800000| Untracked |  0
|  69|0x000000008d900000, 0x000000008d900000, 0x000000008da00000|  0%| F|  |TAMS 0x000000008d900000| PB 0x000000008d900000| Untracked |  0
|  70|0x000000008da00000, 0x000000008da00000, 0x000000008db00000|  0%| F|  |TAMS 0x000000008da00000| PB 0x000000008da00000| Untracked |  0
|  71|0x000000008db00000, 0x000000008db00000, 0x000000008dc00000|  0%| F|  |TAMS 0x000000008db00000| PB 0x000000008db00000| Untracked |  0
|  72|0x000000008dc00000, 0x000000008dc00000, 0x000000008dd00000|  0%| F|  |TAMS 0x000000008dc00000| PB 0x000000008dc00000| Untracked |  0
|  73|0x000000008dd00000, 0x000000008dd00000, 0x000000008de00000|  0%| F|  |TAMS 0x000000008dd00000| PB 0x000000008dd00000| Untracked |  0
|  74|0x000000008de00000, 0x000000008de00000, 0x000000008df00000|  0%| F|  |TAMS 0x000000008de00000| PB 0x000000008de00000| Untracked |  0
|  75|0x000000008df00000, 0x000000008df00000, 0x000000008e000000|  0%| F|  |TAMS 0x000000008df00000| PB 0x000000008df00000| Untracked |  0
|  76|0x000000008e000000, 0x000000008e000000, 0x000000008e100000|  0%| F|  |TAMS 0x000000008e000000| PB 0x000000008e000000| Untracked |  0
|  77|0x000000008e100000, 0x000000008e100000, 0x000000008e200000|  0%| F|  |TAMS 0x000000008e100000| PB 0x000000008e100000| Untracked |  0
|  78|0x000000008e200000, 0x000000008e200000, 0x000000008e300000|  0%| F|  |TAMS 0x000000008e200000| PB 0x000000008e200000| Untracked |  0
|  79|0x000000008e300000, 0x000000008e300000, 0x000000008e400000|  0%| F|  |TAMS 0x000000008e300000| PB 0x000000008e300000| Untracked |  0
|  80|0x000000008e400000, 0x000000008e400000, 0x000000008e500000|  0%| F|  |TAMS 0x000000008e400000| PB 0x000000008e400000| Untracked |  0
|  81|0x000000008e500000, 0x000000008e500000, 0x000000008e600000|  0%| F|  |TAMS 0x000000008e500000| PB 0x000000008e500000| Untracked |  0
|  82|0x000000008e600000, 0x000000008e600000, 0x000000008e700000|  0%| F|  |TAMS 0x000000008e600000| PB 0x000000008e600000| Untracked |  0
|  83|0x000000008e700000, 0x000000008e700000, 0x000000008e800000|  0%| F|  |TAMS 0x000000008e700000| PB 0x000000008e700000| Untracked |  0
|  84|0x000000008e800000, 0x000000008e800000, 0x000000008e900000|  0%| F|  |TAMS 0x000000008e800000| PB 0x000000008e800000| Untracked |  0
|  85|0x000000008e900000, 0x000000008e900000, 0x000000008ea00000|  0%| F|  |TAMS 0x000000008e900000| PB 0x000000008e900000| Untracked |  0
|  86|0x000000008ea00000, 0x000000008ea24150, 0x000000008eb00000| 14%| S|CS|TAMS 0x000000008ea00000| PB 0x000000008ea00000| Complete |  0
|  87|0x000000008eb00000, 0x000000008ec00000, 0x000000008ec00000|100%| S|CS|TAMS 0x000000008eb00000| PB 0x000000008eb00000| Complete |  0
|  88|0x000000008ec00000, 0x000000008ed00000, 0x000000008ed00000|100%| S|CS|TAMS 0x000000008ec00000| PB 0x000000008ec00000| Complete |  0
|  89|0x000000008ed00000, 0x000000008ed00000, 0x000000008ee00000|  0%| F|  |TAMS 0x000000008ed00000| PB 0x000000008ed00000| Untracked |  0
|  90|0x000000008ee00000, 0x000000008ee00000, 0x000000008ef00000|  0%| F|  |TAMS 0x000000008ee00000| PB 0x000000008ee00000| Untracked |  0
|  91|0x000000008ef00000, 0x000000008ef00000, 0x000000008f000000|  0%| F|  |TAMS 0x000000008ef00000| PB 0x000000008ef00000| Untracked |  0
|  92|0x000000008f000000, 0x000000008f000000, 0x000000008f100000|  0%| F|  |TAMS 0x000000008f000000| PB 0x000000008f000000| Untracked |  0
|  93|0x000000008f100000, 0x000000008f100000, 0x000000008f200000|  0%| F|  |TAMS 0x000000008f100000| PB 0x000000008f100000| Untracked |  0
|  94|0x000000008f200000, 0x000000008f200000, 0x000000008f300000|  0%| F|  |TAMS 0x000000008f200000| PB 0x000000008f200000| Untracked |  0
|  95|0x000000008f300000, 0x000000008f300000, 0x000000008f400000|  0%| F|  |TAMS 0x000000008f300000| PB 0x000000008f300000| Untracked |  0
|  96|0x000000008f400000, 0x000000008f400000, 0x000000008f500000|  0%| F|  |TAMS 0x000000008f400000| PB 0x000000008f400000| Untracked |  0
|  97|0x000000008f500000, 0x000000008f500000, 0x000000008f600000|  0%| F|  |TAMS 0x000000008f500000| PB 0x000000008f500000| Untracked |  0
|  98|0x000000008f600000, 0x000000008f600000, 0x000000008f700000|  0%| F|  |TAMS 0x000000008f600000| PB 0x000000008f600000| Untracked |  0
|  99|0x000000008f700000, 0x000000008f700000, 0x000000008f800000|  0%| F|  |TAMS 0x000000008f700000| PB 0x000000008f700000| Untracked |  0
| 100|0x000000008f800000, 0x000000008f800000, 0x000000008f900000|  0%| F|  |TAMS 0x000000008f800000| PB 0x000000008f800000| Untracked |  0
| 101|0x000000008f900000, 0x000000008f900000, 0x000000008fa00000|  0%| F|  |TAMS 0x000000008f900000| PB 0x000000008f900000| Untracked |  0
| 102|0x000000008fa00000, 0x000000008fa00000, 0x000000008fb00000|  0%| F|  |TAMS 0x000000008fa00000| PB 0x000000008fa00000| Untracked |  0
| 103|0x000000008fb00000, 0x000000008fb00000, 0x000000008fc00000|  0%| F|  |TAMS 0x000000008fb00000| PB 0x000000008fb00000| Untracked |  0
| 104|0x000000008fc00000, 0x000000008fc00000, 0x000000008fd00000|  0%| F|  |TAMS 0x000000008fc00000| PB 0x000000008fc00000| Untracked |  0
| 105|0x000000008fd00000, 0x000000008fd00000, 0x000000008fe00000|  0%| F|  |TAMS 0x000000008fd00000| PB 0x000000008fd00000| Untracked |  0
| 106|0x000000008fe00000, 0x000000008fe00000, 0x000000008ff00000|  0%| F|  |TAMS 0x000000008fe00000| PB 0x000000008fe00000| Untracked |  0
| 107|0x000000008ff00000, 0x000000008ff00000, 0x0000000090000000|  0%| F|  |TAMS 0x000000008ff00000| PB 0x000000008ff00000| Untracked |  0
| 108|0x0000000090000000, 0x0000000090000000, 0x0000000090100000|  0%| F|  |TAMS 0x0000000090000000| PB 0x0000000090000000| Untracked |  0
| 109|0x0000000090100000, 0x0000000090100000, 0x0000000090200000|  0%| F|  |TAMS 0x0000000090100000| PB 0x0000000090100000| Untracked |  0
| 110|0x0000000090200000, 0x0000000090200000, 0x0000000090300000|  0%| F|  |TAMS 0x0000000090200000| PB 0x0000000090200000| Untracked |  0
| 111|0x0000000090300000, 0x0000000090300000, 0x0000000090400000|  0%| F|  |TAMS 0x0000000090300000| PB 0x0000000090300000| Untracked |  0
| 112|0x0000000090400000, 0x0000000090400000, 0x0000000090500000|  0%| F|  |TAMS 0x0000000090400000| PB 0x0000000090400000| Untracked |  0
| 113|0x0000000090500000, 0x0000000090500000, 0x0000000090600000|  0%| F|  |TAMS 0x0000000090500000| PB 0x0000000090500000| Untracked |  0
| 114|0x0000000090600000, 0x0000000090600000, 0x0000000090700000|  0%| F|  |TAMS 0x0000000090600000| PB 0x0000000090600000| Untracked |  0
| 115|0x0000000090700000, 0x0000000090700000, 0x0000000090800000|  0%| F|  |TAMS 0x0000000090700000| PB 0x0000000090700000| Untracked |  0
| 116|0x0000000090800000, 0x0000000090800000, 0x0000000090900000|  0%| F|  |TAMS 0x0000000090800000| PB 0x0000000090800000| Untracked |  0
| 117|0x0000000090900000, 0x0000000090900000, 0x0000000090a00000|  0%| F|  |TAMS 0x0000000090900000| PB 0x0000000090900000| Untracked |  0
| 118|0x0000000090a00000, 0x0000000090a6c0a0, 0x0000000090b00000| 42%| E|  |TAMS 0x0000000090a00000| PB 0x0000000090a00000| Complete |  0
| 119|0x0000000090b00000, 0x0000000090c00000, 0x0000000090c00000|100%| E|CS|TAMS 0x0000000090b00000| PB 0x0000000090b00000| Complete |  0

Card table byte_map: [0x00000220ba500000,0x00000220ba8c0000] _byte_map_base: 0x00000220ba0b6000

Marking Bits: (CMBitMap*) 0x00000220ac835b30
 Bits: [0x00000220ba8c0000, 0x00000220bc670000)

Polling page: 0x00000220ac890000

Metaspace:

Usage:
  Non-class:     10.68 MB used.
      Class:      1.70 MB used.
       Both:     12.37 MB used.

Virtual space:
  Non-class space:       64.00 MB reserved,      10.88 MB ( 17%) committed,  1 nodes.
      Class space:        1.00 GB reserved,       1.88 MB ( <1%) committed,  1 nodes.
             Both:        1.06 GB reserved,      12.75 MB (  1%) committed. 

Chunk freelists:
   Non-Class:  4.83 MB
       Class:  14.03 MB
        Both:  18.86 MB

MaxMetaspaceSize: unlimited
CompressedClassSpaceSize: 1.00 GB
Initial GC threshold: 21.00 MB
Current GC threshold: 21.00 MB
CDS: on
 - commit_granule_bytes: 65536.
 - commit_granule_words: 8192.
 - virtual_space_node_default_size: 8388608.
 - enlarge_chunks_in_place: 1.
 - use_allocation_guard: 0.


Internal statistics:

num_allocs_failed_limit: 0.
num_arena_births: 396.
num_arena_deaths: 0.
num_vsnodes_births: 2.
num_vsnodes_deaths: 0.
num_space_committed: 204.
num_space_uncommitted: 0.
num_chunks_returned_to_freelist: 0.
num_chunks_taken_from_freelist: 745.
num_chunk_merges: 0.
num_chunk_splits: 466.
num_chunks_enlarged: 276.
num_inconsistent_stats: 0.

CodeCache: size=49152Kb used=6304Kb max_used=6304Kb free=42847Kb
 bounds [0x00000220b6310000, 0x00000220b6940000, 0x00000220b9310000]
 total_blobs=2767 nmethods=2264 adapters=424
 compilation: enabled
              stopped_count=0, restarted_count=0
 full_count=0

Compilation events (20 events):
Event: 5.086 Thread 0x00000220bf930030 2177       1       org.springframework.boot.context.properties.source.SoftReferenceConfigurationPropertyCache::get (67 bytes)
Event: 5.086 Thread 0x00000220bf92d750 nmethod 2176 0x00000220b6917c10 code [0x00000220b6917da0, 0x00000220b6917eb0]
Event: 5.086 Thread 0x00000220bf92d750 2178       1       org.springframework.boot.context.properties.source.SoftReferenceConfigurationPropertyCache::getValue (8 bytes)
Event: 5.087 Thread 0x00000220bf92d750 nmethod 2178 0x00000220b6917f10 code [0x00000220b69180a0, 0x00000220b69181c0]
Event: 5.087 Thread 0x00000220bf92f290 nmethod 2174 0x00000220b6918290 code [0x00000220b6918460, 0x00000220b69186f8]
Event: 5.087 Thread 0x00000220bf92d750 2179       1       java.util.Collection::stream (11 bytes)
Event: 5.087 Thread 0x00000220bf92f290 2180       1       org.springframework.boot.context.properties.source.SoftReferenceConfigurationPropertyCache::hasExpired (60 bytes)
Event: 5.087 Thread 0x00000220bf92d750 nmethod 2179 0x00000220b6918910 code [0x00000220b6918ae0, 0x00000220b6918d68]
Event: 5.087 Thread 0x00000220bf92d750 2181       1       java.util.HashMap$KeySet::size (8 bytes)
Event: 5.087 Thread 0x00000220bf92d750 nmethod 2181 0x00000220b6918f10 code [0x00000220b69190a0, 0x00000220b6919170]
Event: 5.087 Thread 0x00000220bf92f290 nmethod 2180 0x00000220b6919210 code [0x00000220b69193e0, 0x00000220b69196c8]
Event: 5.087 Thread 0x00000220bf930030 nmethod 2177 0x00000220b6919890 code [0x00000220b6919b20, 0x00000220b691a488]
Event: 5.087 Thread 0x00000220bf92f290 2182       1       org.springframework.boot.context.properties.source.SpringConfigurationPropertySources$SourcesIterator::hasNext (13 bytes)
Event: 5.088 Thread 0x00000220bf92f290 nmethod 2182 0x00000220b691aa10 code [0x00000220b691aba0, 0x00000220b691ac90]
Event: 5.088 Thread 0x00000220bf92d750 2183       1       java.util.concurrent.ConcurrentHashMap::sumCount (60 bytes)
Event: 5.089 Thread 0x00000220bf930030 2184       1       java.lang.Math::floorDiv (30 bytes)
Event: 5.089 Thread 0x00000220bf92f290 2185       1       java.lang.Math::floorMod (28 bytes)
Event: 5.089 Thread 0x00000220bf92d750 nmethod 2183 0x00000220b691ad10 code [0x00000220b691aea0, 0x00000220b691afc8]
Event: 5.089 Thread 0x00000220bf930030 nmethod 2184 0x00000220b691b090 code [0x00000220b691b220, 0x00000220b691b370]
Event: 5.089 Thread 0x00000220bf92f290 nmethod 2185 0x00000220b691b410 code [0x00000220b691b5a0, 0x00000220b691b6d8]

GC Heap History (2 events):
Event: 4.552 GC heap before
{Heap before GC invocations=0 (full 0):
 garbage-first heap   total reserved 1945600K, committed 122880K, used 24576K [0x0000000089400000, 0x0000000100000000)
  region size 1024K, 24 young (24576K), 0 survivors (0K)
 Metaspace       used 7046K, committed 7360K, reserved 1114112K
  class space    used 873K, committed 1024K, reserved 1048576K
}
Event: 4.561 GC heap after
{Heap after GC invocations=1 (full 0):
 garbage-first heap   total reserved 1945600K, committed 122880K, used 8400K [0x0000000089400000, 0x0000000100000000)
  region size 1024K, 3 young (3072K), 3 survivors (3072K)
 Metaspace       used 7046K, committed 7360K, reserved 1114112K
  class space    used 873K, committed 1024K, reserved 1048576K
}

Dll operation events (11 events):
Event: 0.020 Loaded shared library C:\Users\super\.jdks\openjdk-22.0.2\bin\java.dll
Event: 0.227 Loaded shared library C:\Users\super\.jdks\openjdk-22.0.2\bin\zip.dll
Event: 0.233 Loaded shared library C:\Users\super\.jdks\openjdk-22.0.2\bin\instrument.dll
Event: 0.239 Loaded shared library C:\Users\super\.jdks\openjdk-22.0.2\bin\net.dll
Event: 0.242 Loaded shared library C:\Users\super\.jdks\openjdk-22.0.2\bin\nio.dll
Event: 0.297 Loaded shared library C:\Users\super\.jdks\openjdk-22.0.2\bin\zip.dll
Event: 1.003 Loaded shared library C:\Users\super\.jdks\openjdk-22.0.2\bin\jimage.dll
Event: 3.794 Loaded shared library C:\Program Files\JetBrains\IntelliJ IDEA 2024.1.1\bin\breakgen64.dll
Event: 3.807 Loaded shared library C:\Users\super\.jdks\openjdk-22.0.2\bin\extnet.dll
Event: 3.826 Loaded shared library C:\Users\super\.jdks\openjdk-22.0.2\bin\management.dll
Event: 3.842 Loaded shared library C:\Users\super\.jdks\openjdk-22.0.2\bin\management_ext.dll

Deoptimization events (0 events):
No events

Classes loaded (20 events):
Event: 5.072 Loading class java/lang/Byte$ByteCache
Event: 5.072 Loading class java/lang/Byte$ByteCache done
Event: 5.072 Loading class java/lang/Short$ShortCache
Event: 5.072 Loading class java/lang/Short$ShortCache done
Event: 5.074 Loading class java/util/function/IntUnaryOperator
Event: 5.074 Loading class java/util/function/IntUnaryOperator done
Event: 5.074 Loading class java/util/stream/IntPipeline$4
Event: 5.075 Loading class java/util/stream/IntPipeline$4 done
Event: 5.075 Loading class java/util/stream/ForEachOps$ForEachOp$OfInt
Event: 5.076 Loading class java/util/stream/ForEachOps$ForEachOp$OfInt done
Event: 5.076 Loading class java/util/stream/IntPipeline$4$1
Event: 5.076 Loading class java/util/stream/IntPipeline$4$1 done
Event: 5.076 Loading class java/util/RegularEnumSet$EnumSetIterator
Event: 5.076 Loading class java/util/RegularEnumSet$EnumSetIterator done
Event: 5.082 Loading class java/nio/file/attribute/PosixFilePermission
Event: 5.082 Loading class java/nio/file/attribute/PosixFilePermission done
Event: 5.082 Loading class java/lang/ProcessHandle
Event: 5.082 Loading class java/lang/ProcessHandle done
Event: 5.082 Loading class java/lang/ProcessHandleImpl
Event: 5.083 Loading class java/lang/ProcessHandleImpl done

Classes unloaded (0 events):
No events

Classes redefined (0 events):
No events

Internal exceptions (20 events):
Event: 4.967 Thread 0x0000022105bd31e0 Exception <a 'java/lang/NoSuchMethodError'{0x000000008fba4000}: 'java.lang.Object java.lang.invoke.DirectMethodHandle$Holder.newInvokeSpecial(java.lang.Object, java.lang.Object, java.lang.Object, java.lang.Object, java.lang.Object, java.lang.Object, java.lang.Object)'> (0x000000008fba4000) 
thrown [s\open\src\hotspot\share\interpreter\linkResolver.cpp, line 774]
Event: 4.968 Thread 0x0000022105bd31e0 Exception <a 'java/lang/NoSuchMethodError'{0x000000008fbc0780}: 'void java.lang.invoke.DirectMethodHandle$Holder.invokeStaticInit(java.lang.Object, java.lang.Object)'> (0x000000008fbc0780) 
thrown [s\open\src\hotspot\share\interpreter\linkResolver.cpp, line 774]
Event: 4.974 Thread 0x0000022105bd31e0 Exception <a 'java/lang/NoSuchMethodError'{0x000000008fa0e548}: 'int java.lang.invoke.DirectMethodHandle$Holder.invokeStatic(java.lang.Object, java.lang.Object, java.lang.Object, java.lang.Object)'> (0x000000008fa0e548) 
thrown [s\open\src\hotspot\share\interpreter\linkResolver.cpp, line 774]
Event: 4.981 Thread 0x0000022105bd31e0 Exception <a 'java/lang/NoSuchMethodError'{0x000000008fa6f4a0}: 'java.lang.Object java.lang.invoke.DirectMethodHandle$Holder.invokeSpecial(java.lang.Object, java.lang.Object, java.lang.Object, java.lang.Object, java.lang.Object, java.lang.Object, int)'> (0x000000008fa6f4a0) 
thrown [s\open\src\hotspot\share\interpreter\linkResolver.cpp, line 774]
Event: 4.982 Thread 0x0000022105bd31e0 Exception <a 'java/lang/NoSuchMethodError'{0x000000008fa78b98}: 'java.lang.Object java.lang.invoke.DirectMethodHandle$Holder.newInvokeSpecial(java.lang.Object, java.lang.Object, java.lang.Object, java.lang.Object, java.lang.Object, java.lang.Object, int)'> (0x000000008fa78b98) 
thrown [s\open\src\hotspot\share\interpreter\linkResolver.cpp, line 774]
Event: 4.982 Thread 0x0000022105bd31e0 Exception <a 'java/lang/NoSuchMethodError'{0x000000008fa7d228}: 'java.lang.Object java.lang.invoke.DirectMethodHandle$Holder.invokeSpecial(java.lang.Object, java.lang.Object, java.lang.Object, java.lang.Object, java.lang.Object, java.lang.Object, java.lang.Object, int)'> (0x000000008fa7d228) 
thrown [s\open\src\hotspot\share\interpreter\linkResolver.cpp, line 774]
Event: 5.009 Thread 0x0000022105bd31e0 Exception <a 'java/lang/NoSuchMethodError'{0x000000008f9e03d8}: 'void java.lang.invoke.DirectMethodHandle$Holder.invokeSpecial(java.lang.Object, java.lang.Object, java.lang.Object, java.lang.Object, java.lang.Object)'> (0x000000008f9e03d8) 
thrown [s\open\src\hotspot\share\interpreter\linkResolver.cpp, line 774]
Event: 5.017 Thread 0x0000022105bd31e0 Exception <a 'java/lang/NoSuchMethodError'{0x000000008f832b98}: 'int java.lang.invoke.DirectMethodHandle$Holder.invokeVirtual(java.lang.Object, java.lang.Object)'> (0x000000008f832b98) 
thrown [s\open\src\hotspot\share\interpreter\linkResolver.cpp, line 774]
Event: 5.029 Thread 0x0000022105bd31e0 Exception <a 'java/lang/NoSuchMethodError'{0x000000008f8e3270}: 'java.lang.Object java.lang.invoke.DirectMethodHandle$Holder.invokeSpecial(java.lang.Object, java.lang.Object, java.lang.Object, int, java.lang.Object)'> (0x000000008f8e3270) 
thrown [s\open\src\hotspot\share\interpreter\linkResolver.cpp, line 774]
Event: 5.029 Thread 0x0000022105bd31e0 Exception <a 'java/lang/NoSuchMethodError'{0x000000008f8eac40}: 'java.lang.Object java.lang.invoke.DirectMethodHandle$Holder.newInvokeSpecial(java.lang.Object, java.lang.Object, java.lang.Object, int, java.lang.Object)'> (0x000000008f8eac40) 
thrown [s\open\src\hotspot\share\interpreter\linkResolver.cpp, line 774]
Event: 5.029 Thread 0x0000022105bd31e0 Exception <a 'java/lang/NoSuchMethodError'{0x000000008f8f21e8}: 'java.lang.Object java.lang.invoke.Invokers$Holder.linkToTargetMethod(java.lang.Object, java.lang.Object, int, java.lang.Object, java.lang.Object)'> (0x000000008f8f21e8) 
thrown [s\open\src\hotspot\share\interpreter\linkResolver.cpp, line 774]
Event: 5.030 Thread 0x0000022105bd31e0 Exception <a 'java/lang/NoSuchMethodError'{0x000000008f700f88}: 'java.lang.Object java.lang.invoke.DirectMethodHandle$Holder.newInvokeSpecial(java.lang.Object, int, java.lang.Object)'> (0x000000008f700f88) 
thrown [s\open\src\hotspot\share\interpreter\linkResolver.cpp, line 774]
Event: 5.030 Thread 0x0000022105bd31e0 Exception <a 'java/lang/NoSuchMethodError'{0x000000008f704cf8}: 'int java.lang.invoke.DirectMethodHandle$Holder.invokeSpecialIFC(java.lang.Object, java.lang.Object, java.lang.Object, java.lang.Object)'> (0x000000008f704cf8) 
thrown [s\open\src\hotspot\share\interpreter\linkResolver.cpp, line 774]
Event: 5.043 Thread 0x0000022105bd31e0 Exception <a 'java/lang/NoSuchMethodError'{0x000000008f7f0bd0}: 'void java.lang.invoke.DirectMethodHandle$Holder.invokeInterface(java.lang.Object, java.lang.Object, java.lang.Object)'> (0x000000008f7f0bd0) 
thrown [s\open\src\hotspot\share\interpreter\linkResolver.cpp, line 774]
Event: 5.058 Thread 0x0000022105bd31e0 Exception <a 'java/lang/NoSuchMethodError'{0x000000008f69fda8}: 'java.lang.Object java.lang.invoke.DirectMethodHandle$Holder.invokeVirtual(java.lang.Object, java.lang.Object, java.lang.Object)'> (0x000000008f69fda8) 
thrown [s\open\src\hotspot\share\interpreter\linkResolver.cpp, line 774]
Event: 5.075 Thread 0x0000022105bd31e0 Exception <a 'java/lang/NoSuchMethodError'{0x000000008f56fc98}: 'void java.lang.invoke.DirectMethodHandle$Holder.invokeStatic(java.lang.Object, java.lang.Object, int)'> (0x000000008f56fc98) 
thrown [s\open\src\hotspot\share\interpreter\linkResolver.cpp, line 774]
Event: 5.078 Thread 0x0000022105bd31e0 Exception <a 'java/lang/NoSuchMethodError'{0x000000008f586b00}: 'void java.lang.invoke.DirectMethodHandle$Holder.invokeStaticInit(java.lang.Object, java.lang.Object, java.lang.Object)'> (0x000000008f586b00) 
thrown [s\open\src\hotspot\share\interpreter\linkResolver.cpp, line 774]
Event: 5.083 Thread 0x0000022105bd31e0 Exception <a 'java/lang/NoSuchMethodError'{0x000000008f5d3ec0}: 'java.lang.Object java.lang.invoke.DirectMethodHandle$Holder.invokeStatic(java.lang.Object, long, java.lang.Object)'> (0x000000008f5d3ec0) 
thrown [s\open\src\hotspot\share\interpreter\linkResolver.cpp, line 774]
Event: 5.083 Thread 0x0000022105bd31e0 Exception <a 'java/lang/NoSuchMethodError'{0x000000008f5d7548}: 'java.lang.Object java.lang.invoke.DirectMethodHandle$Holder.invokeStaticInit(java.lang.Object, long, java.lang.Object)'> (0x000000008f5d7548) 
thrown [s\open\src\hotspot\share\interpreter\linkResolver.cpp, line 774]
Event: 5.084 Thread 0x0000022105bd31e0 Exception <a 'java/lang/NoSuchMethodError'{0x000000008f5dce08}: 'java.lang.Object java.lang.invoke.DirectMethodHandle$Holder.newInvokeSpecial(java.lang.Object, long)'> (0x000000008f5dce08) 
thrown [s\open\src\hotspot\share\interpreter\linkResolver.cpp, line 774]

ZGC Phase Switch (0 events):
No events

VM Operations (20 events):
Event: 4.103 Executing VM operation: Cleanup
Event: 4.103 Executing VM operation: Cleanup done
Event: 4.215 Executing VM operation: HandshakeAllThreads (Deoptimize)
Event: 4.215 Executing VM operation: HandshakeAllThreads (Deoptimize) done
Event: 4.255 Executing VM operation: HandshakeAllThreads (Deoptimize)
Event: 4.255 Executing VM operation: HandshakeAllThreads (Deoptimize) done
Event: 4.326 Executing VM operation: HandshakeAllThreads (Deoptimize)
Event: 4.326 Executing VM operation: HandshakeAllThreads (Deoptimize) done
Event: 4.334 Executing VM operation: HandshakeAllThreads (Deoptimize)
Event: 4.334 Executing VM operation: HandshakeAllThreads (Deoptimize) done
Event: 4.411 Executing VM operation: HandshakeAllThreads (Deoptimize)
Event: 4.411 Executing VM operation: HandshakeAllThreads (Deoptimize) done
Event: 4.552 Executing VM operation: G1CollectForAllocation (G1 Evacuation Pause)
Event: 4.561 Executing VM operation: G1CollectForAllocation (G1 Evacuation Pause) done
Event: 4.821 Executing VM operation: HandshakeAllThreads (Deoptimize)
Event: 4.821 Executing VM operation: HandshakeAllThreads (Deoptimize) done
Event: 5.014 Executing VM operation: HandshakeAllThreads (Deoptimize)
Event: 5.014 Executing VM operation: HandshakeAllThreads (Deoptimize) done
Event: 5.049 Executing VM operation: ICBufferFull
Event: 5.049 Executing VM operation: ICBufferFull done

Memory protections (0 events):
No events

Nmethod flushes (0 events):
No events

Events (20 events):
Event: 0.055 Thread 0x00000220ac7e1720 Thread added: 0x00000220bf702ff0
Event: 0.055 Thread 0x00000220ac7e1720 Thread added: 0x00000220bf724280
Event: 0.055 Thread 0x00000220ac7e1720 Thread added: 0x00000220bf7250f0
Event: 0.055 Thread 0x00000220ac7e1720 Thread added: 0x00000220bf838090
Event: 0.197 Thread 0x00000220ac7e1720 Thread added: 0x00000220bf6cd230
Event: 0.201 Thread 0x00000220bf838090 Thread added: 0x00000220bf930030
Event: 0.989 Thread 0x00000220bf838090 Thread added: 0x00000220bf92d750
Event: 0.989 Thread 0x00000220bf838090 Thread added: 0x00000220bf92f960
Event: 0.990 Thread 0x00000220bf92d750 Thread added: 0x00000220bf930700
Event: 2.003 Thread 0x00000220bf930700 Thread exited: 0x00000220bf930700
Event: 2.048 Thread 0x00000220bf92f960 Thread exited: 0x00000220bf92f960
Event: 3.795 Thread 0x00000220ac7e1720 Thread added: 0x0000022105167e00
Event: 3.795 Thread 0x00000220ac7e1720 Thread added: 0x0000022105168470
Event: 4.008 Thread 0x00000220bf838090 Thread added: 0x00000220bf92f290
Event: 4.233 Thread 0x00000220ac7e1720 Thread added: 0x00000221054c98c0
Event: 4.332 Thread 0x00000221054c98c0 Thread added: 0x0000022105513420
Event: 4.386 Thread 0x0000022105513420 Thread added: 0x000002210557fbe0
Event: 4.408 Thread 0x0000022105513420 Thread added: 0x0000022105582b10
Event: 4.745 Thread 0x00000220ac7e1720 Thread added: 0x0000022105bd4590
Event: 4.747 Thread 0x0000022105bd4590 Thread added: 0x0000022105bd31e0


Dynamic libraries:
0x00007ff7e76f0000 - 0x00007ff7e76fe000 	C:\Users\super\.jdks\openjdk-22.0.2\bin\java.exe
0x00007ffc87b90000 - 0x00007ffc87da7000 	C:\Windows\SYSTEM32\ntdll.dll
0x00007ffc86530000 - 0x00007ffc865f4000 	C:\Windows\System32\KERNEL32.DLL
0x00007ffc84fd0000 - 0x00007ffc8537d000 	C:\Windows\System32\KERNELBASE.dll
0x00007ffc85670000 - 0x00007ffc85781000 	C:\Windows\System32\ucrtbase.dll
0x00007ffc70fd0000 - 0x00007ffc70feb000 	C:\Users\super\.jdks\openjdk-22.0.2\bin\VCRUNTIME140.dll
0x00007ffc70fb0000 - 0x00007ffc70fc7000 	C:\Users\super\.jdks\openjdk-22.0.2\bin\jli.dll
0x00007ffc861b0000 - 0x00007ffc8635e000 	C:\Windows\System32\USER32.dll
0x00007ffc85380000 - 0x00007ffc853a6000 	C:\Windows\System32\win32u.dll
0x00007ffc71a80000 - 0x00007ffc71d13000 	C:\Windows\WinSxS\amd64_microsoft.windows.common-controls_6595b64144ccf1df_6.0.22621.3672_none_2713b9d173822955\COMCTL32.dll
0x00007ffc86e70000 - 0x00007ffc86e99000 	C:\Windows\System32\GDI32.dll
0x00007ffc85ab0000 - 0x00007ffc85b57000 	C:\Windows\System32\msvcrt.dll
0x00007ffc84eb0000 - 0x00007ffc84fc9000 	C:\Windows\System32\gdi32full.dll
0x00007ffc855d0000 - 0x00007ffc8566a000 	C:\Windows\System32\msvcp_win.dll
0x00007ffc85c70000 - 0x00007ffc85ca1000 	C:\Windows\System32\IMM32.DLL
0x00007ffc820a0000 - 0x00007ffc820ac000 	C:\Users\super\.jdks\openjdk-22.0.2\bin\vcruntime140_1.dll
0x00007ffc70f20000 - 0x00007ffc70fae000 	C:\Users\super\.jdks\openjdk-22.0.2\bin\msvcp140.dll
0x00007ffbfab30000 - 0x00007ffbfb879000 	C:\Users\super\.jdks\openjdk-22.0.2\bin\server\jvm.dll
0x00007ffc87100000 - 0x00007ffc871b2000 	C:\Windows\System32\ADVAPI32.dll
0x00007ffc85b60000 - 0x00007ffc85c09000 	C:\Windows\System32\sechost.dll
0x00007ffc853b0000 - 0x00007ffc853d8000 	C:\Windows\System32\bcrypt.dll
0x00007ffc87700000 - 0x00007ffc87814000 	C:\Windows\System32\RPCRT4.dll
0x00007ffc86ea0000 - 0x00007ffc86f11000 	C:\Windows\System32\WS2_32.dll
0x00007ffc84d80000 - 0x00007ffc84dcd000 	C:\Windows\SYSTEM32\POWRPROF.dll
0x00007ffc7fce0000 - 0x00007ffc7fd14000 	C:\Windows\SYSTEM32\WINMM.dll
0x00007ffc7c1c0000 - 0x00007ffc7c1ca000 	C:\Windows\SYSTEM32\VERSION.dll
0x00007ffc84d60000 - 0x00007ffc84d73000 	C:\Windows\SYSTEM32\UMPDC.dll
0x00007ffc83ec0000 - 0x00007ffc83ed8000 	C:\Windows\SYSTEM32\kernel.appcore.dll
0x00007ffc7f3f0000 - 0x00007ffc7f3fa000 	C:\Users\super\.jdks\openjdk-22.0.2\bin\jimage.dll
0x00007ffc7add0000 - 0x00007ffc7b002000 	C:\Windows\SYSTEM32\DBGHELP.DLL
0x00007ffc87370000 - 0x00007ffc876fe000 	C:\Windows\System32\combase.dll
0x00007ffc87000000 - 0x00007ffc870d7000 	C:\Windows\System32\OLEAUT32.dll
0x00007ffc77600000 - 0x00007ffc77632000 	C:\Windows\SYSTEM32\dbgcore.DLL
0x00007ffc85550000 - 0x00007ffc855cb000 	C:\Windows\System32\bcryptPrimitives.dll
0x00007ffc70540000 - 0x00007ffc7054f000 	C:\Users\super\.jdks\openjdk-22.0.2\bin\instrument.dll
0x00007ffc70f00000 - 0x00007ffc70f1e000 	C:\Users\super\.jdks\openjdk-22.0.2\bin\java.dll
0x00007ffc86600000 - 0x00007ffc86e67000 	C:\Windows\System32\SHELL32.dll
0x00007ffc85900000 - 0x00007ffc85aa5000 	C:\Windows\System32\ole32.dll
0x00007ffc82de0000 - 0x00007ffc836df000 	C:\Windows\SYSTEM32\windows.storage.dll
0x00007ffc82ca0000 - 0x00007ffc82ddf000 	C:\Windows\SYSTEM32\wintypes.dll
0x00007ffc87a50000 - 0x00007ffc87b49000 	C:\Windows\System32\SHCORE.dll
0x00007ffc87880000 - 0x00007ffc878de000 	C:\Windows\System32\shlwapi.dll
0x00007ffc84de0000 - 0x00007ffc84e07000 	C:\Windows\SYSTEM32\profapi.dll
0x00007ffc70770000 - 0x00007ffc70787000 	C:\Users\super\.jdks\openjdk-22.0.2\bin\zip.dll
0x00007ffc70870000 - 0x00007ffc70880000 	C:\Users\super\.jdks\openjdk-22.0.2\bin\net.dll
0x00007ffc84320000 - 0x00007ffc84389000 	C:\Windows\system32\mswsock.dll
0x00007ffc70850000 - 0x00007ffc70866000 	C:\Users\super\.jdks\openjdk-22.0.2\bin\nio.dll
0x00007ffc70000000 - 0x00007ffc7001a000 	C:\Program Files\JetBrains\IntelliJ IDEA 2024.1.1\bin\breakgen64.dll
0x00007ffc70020000 - 0x00007ffc70029000 	C:\Users\super\.jdks\openjdk-22.0.2\bin\extnet.dll
0x00007ffc839b0000 - 0x00007ffc83aa8000 	C:\Windows\SYSTEM32\DNSAPI.dll
0x00007ffc83940000 - 0x00007ffc8396d000 	C:\Windows\SYSTEM32\IPHLPAPI.DLL
0x00007ffc86520000 - 0x00007ffc86529000 	C:\Windows\System32\NSI.dll
0x00007ffc7c620000 - 0x00007ffc7c62a000 	C:\Windows\System32\rasadhlp.dll
0x00007ffc7e920000 - 0x00007ffc7e9a3000 	C:\Windows\System32\fwpuclnt.dll
0x00007ffc70720000 - 0x00007ffc7072a000 	C:\Users\super\.jdks\openjdk-22.0.2\bin\management.dll
0x00007ffc70550000 - 0x00007ffc7055b000 	C:\Users\super\.jdks\openjdk-22.0.2\bin\management_ext.dll
0x00007ffc878e0000 - 0x00007ffc878e8000 	C:\Windows\System32\PSAPI.DLL
0x00007ffc84670000 - 0x00007ffc8468b000 	C:\Windows\SYSTEM32\CRYPTSP.dll
0x00007ffc83e20000 - 0x00007ffc83e55000 	C:\Windows\system32\rsaenh.dll
0x00007ffc843c0000 - 0x00007ffc843e8000 	C:\Windows\SYSTEM32\USERENV.dll
0x00007ffc84650000 - 0x00007ffc8465c000 	C:\Windows\SYSTEM32\CRYPTBASE.dll
0x00007ffc45300000 - 0x00007ffc45317000 	C:\Windows\system32\napinsp.dll
0x00007ffc453e0000 - 0x00007ffc453fb000 	C:\Windows\system32\pnrpnsp.dll
0x00007ffc453c0000 - 0x00007ffc453d1000 	C:\Windows\System32\winrnr.dll
0x00007ffc7e6a0000 - 0x00007ffc7e6b5000 	C:\Windows\system32\wshbth.dll
0x00007ffc45390000 - 0x00007ffc453b7000 	C:\Windows\system32\nlansp_c.dll
0x00007ffc6f690000 - 0x00007ffc6f6e9000 	C:\Windows\SYSTEM32\pdh.dll
0x00007ffc6bbe0000 - 0x00007ffc6bbf1000 	C:\Windows\System32\perfproc.dll
0x00007ffc51ee0000 - 0x00007ffc51ef0000 	C:\Windows\System32\perfos.dll
0x00007ffc82480000 - 0x00007ffc82490000 	C:\Windows\SYSTEM32\pfclient.dll

dbghelp: loaded successfully - version: 4.0.5 - missing functions: none
symbol engine: initialized successfully - sym options: 0x614 - pdb path: .;C:\Users\super\.jdks\openjdk-22.0.2\bin;C:\Windows\SYSTEM32;C:\Windows\WinSxS\amd64_microsoft.windows.common-controls_6595b64144ccf1df_6.0.22621.3672_none_2713b9d173822955;C:\Users\super\.jdks\openjdk-22.0.2\bin\server;C:\Program Files\JetBrains\IntelliJ IDEA 2024.1.1\bin

VM Arguments:
jvm_args: -XX:TieredStopAtLevel=1 -Dspring.output.ansi.enabled=always -Dcom.sun.management.jmxremote -Dspring.jmx.enabled=true -Dspring.liveBeansView.mbeanDomain -Dspring.application.admin.enabled=true -Dmanagement.endpoints.jmx.exposure.include=* -javaagent:C:\Program Files\JetBrains\IntelliJ IDEA 2024.1.1\lib\idea_rt.jar=51902:C:\Program Files\JetBrains\IntelliJ IDEA 2024.1.1\bin -Dfile.encoding=UTF-8 -Dsun.stdout.encoding=UTF-8 -Dsun.stderr.encoding=UTF-8 
java_command: com.example.demo.DemoApplication
java_class_path (initial): F:\learning code\funix\PRJ321X\ASM\PRJ321x_ASM2_hieuntfx23013@funix.edu.vn\demo\target\classes;C:\Users\super\.m2\repository\org\springframework\boot\spring-boot-starter-mail\3.3.2\spring-boot-starter-mail-3.3.2.jar;C:\Users\super\.m2\repository\org\springframework\boot\spring-boot-starter\3.3.2\spring-boot-starter-3.3.2.jar;C:\Users\super\.m2\repository\org\springframework\boot\spring-boot-starter-logging\3.3.2\spring-boot-starter-logging-3.3.2.jar;C:\Users\super\.m2\repository\ch\qos\logback\logback-classic\1.5.6\logback-classic-1.5.6.jar;C:\Users\super\.m2\repository\ch\qos\logback\logback-core\1.5.6\logback-core-1.5.6.jar;C:\Users\super\.m2\repository\org\apache\logging\log4j\log4j-to-slf4j\2.23.1\log4j-to-slf4j-2.23.1.jar;C:\Users\super\.m2\repository\org\apache\logging\log4j\log4j-api\2.23.1\log4j-api-2.23.1.jar;C:\Users\super\.m2\repository\org\slf4j\jul-to-slf4j\2.0.13\jul-to-slf4j-2.0.13.jar;C:\Users\super\.m2\repository\jakarta\annotation\jakarta.annotation-api\2.1.1\jakarta.annotation-api-2.1.1.jar;C:\Users\super\.m2\repository\org\yaml\snakeyaml\2.2\snakeyaml-2.2.jar;C:\Users\super\.m2\repository\org\springframework\spring-context-support\6.1.11\spring-context-support-6.1.11.jar;C:\Users\super\.m2\repository\org\springframework\spring-beans\6.1.11\spring-beans-6.1.11.jar;C:\Users\super\.m2\repository\org\springframework\spring-context\6.1.11\spring-context-6.1.11.jar;C:\Users\super\.m2\repository\org\eclipse\angus\jakarta.mail\2.0.3\jakarta.mail-2.0.3.jar;C:\Users\super\.m2\repository\jakarta\activation\jakarta.activation-api\2.1.3\jakarta.activation-api-2.1.3.jar;C:\Users\super\.m2\repository\org\eclipse\angus\angus-activation\2.0.2\angus-activation-2.0.2.jar;C:\Users\super\.m2\repository\commons-io\commons-io\2.11.0\commons-io-2.11.0.jar;C:\Users\super\.m2\repository\org\springframework\boot\spring-boot-starter-security\3.3.2\spring-boot-starter-security-3.3.2.jar;C:\Users\super\.m2\repository\org\springframework\spring-aop\6.1.11\spring-aop-6.1.11.jar;C:\Users\super\.m2\repository\org\springframework\security\spring-security-config\6.3.1\spring-security-config-6.3.1.jar;C:\Users\super\.m2\repository\org\springframework\security\spring-security-web\6.3.1\spring-security-web-6.3.1.jar;C:\Users\super\.m2\repository\org\springframework\spring-expression\6.1.11\spring-expression-6.1.11.jar;C:\Users\super\.m2\repository\org\springframework\boot\spring-boot-starter-thymeleaf\3.3.2\spring-boot-starter-thymeleaf-3.3.2.jar;C:\Users\super\.m2\repository\org\thymeleaf\thymeleaf-spring6\3.1.2.RELEASE\thymeleaf-spring6-3.1.2.RELEASE.jar;C:\Users\super\.m2\repository\org\thymeleaf\thymeleaf\3.1.2.RELEASE\thymeleaf-3.1.2.RELEASE.jar;C:\Users\super\.m2\repository\org\attoparser\attoparser\2.0.7.RELEASE\attoparser-2.0.7.RELEASE.jar;C:\Users\super\.m2\repository\org\unbescape\unbescape\1.1.6.RELEASE\unbescape-1.1.6.RELEASE.jar;C:\Users\super\.m2\repository\org\springframework\boot\spring-boot-starter-web\3.3.2\spring-boot-starter-web-3.3.2.jar;C:\Users\super\.m2\repository\org\springframework\boot\spring-boot-starter-json\3.3.2\spring-boot-starter-json-3.3.2.jar;C:\Users\super\.m2\repository\com\fasterxml\jackson\core\jackson-databind\2.17.2\jackson-databind-2.17.2.jar;C:\Users\super\.m2\repository\com\fasterxml\jackson\core\jackson-annotations\2.17.2\jackson-annotations-2.17.2.jar;C:\Users\super\.m2\repository\com\fasterxml\jackson\core\jackson-core\2.17.2\jackson-core-2.17.2.jar;C:\Users\super\.m2\repository\com\fasterxml\jackson\datatype\jackson-datatype-jdk8\2.17.2\jackson-datatype-jdk8-2.17.2.jar;C:\Users\super\.m2\repository\com\fasterxml\jackson\datatype\jackson-datatype-jsr310\2.17.2\jackson-datatype-jsr310-2.17.2.jar;C:\Users\super\.m2\repository\com\fasterxml\jackson\module\jackson-module-parameter-names\2.17.2\jackson-module-parameter-names-2.17.2.jar;C:\Users\super\.m2\repository\org\springframework\boot\spring-boot-starter-tomcat\3.3.2\spring-boot-starter-tomcat-3.3.2.jar;C:\Users\super\.m2\repository\org\apache\tomcat\embed\tomcat-embed-core\10.1.26\tomcat-embed-core-10.1.26.jar;C:\Users\super\.m2\repository\org\apache\tomcat\embed\tomcat-embed-websocket\10.1.26\tomcat-embed-websocket-10.1.26.jar;C:\Users\super\.m2\repository\org\springframework\spring-web\6.1.11\spring-web-6.1.11.jar;C:\Users\super\.m2\repository\io\micrometer\micrometer-observation\1.13.2\micrometer-observation-1.13.2.jar;C:\Users\super\.m2\repository\io\micrometer\micrometer-commons\1.13.2\micrometer-commons-1.13.2.jar;C:\Users\super\.m2\repository\org\springframework\spring-webmvc\6.1.11\spring-webmvc-6.1.11.jar;C:\Users\super\.m2\repository\org\thymeleaf\extras\thymeleaf-extras-springsecurity6\3.1.2.RELEASE\thymeleaf-extras-springsecurity6-3.1.2.RELEASE.jar;C:\Users\super\.m2\repository\org\slf4j\slf4j-api\2.0.13\slf4j-api-2.0.13.jar;C:\Users\super\.m2\repository\org\springframework\boot\spring-boot-devtools\3.3.2\spring-boot-devtools-3.3.2.jar;C:\Users\super\.m2\repository\org\springframework\boot\spring-boot\3.3.2\spring-boot-3.3.2.jar;C:\Users\super\.m2\repository\org\springframework\boot\spring-boot-autoconfigure\3.3.2\spring-boot-autoconfigure-3.3.2.jar;C:\Users\super\.m2\repository\org\springframework\boot\spring-boot-starter-data-jpa\3.3.2\spring-boot-starter-data-jpa-3.3.2.jar;C:\Users\super\.m2\repository\org\springframework\boot\spring-boot-starter-aop\3.3.2\spring-boot-starter-aop-3.3.2.jar;C:\Users\super\.m2\repository\org\aspectj\aspectjweaver\1.9.22.1\aspectjweaver-1.9.22.1.jar;C:\Users\super\.m2\repository\org\springframework\boot\spring-boot-starter-jdbc\3.3.2\spring-boot-starter-jdbc-3.3.2.jar;C:\Users\super\.m2\repository\com\zaxxer\HikariCP\5.1.0\HikariCP-5.1.0.jar;C:\Users\super\.m2\repository\org\springframework\spring-jdbc\6.1.11\spring-jdbc-6.1.11.jar;C:\Users\super\.m2\repository\org\hibernate\orm\hibernate-core\6.5.2.Final\hibernate-core-6.5.2.Final.jar;C:\Users\super\.m2\repository\jakarta\persistence\jakarta.persistence-api\3.1.0\jakarta.persistence-api-3.1.0.jar;C:\Users\super\.m2\repository\jakarta\transaction\jakarta.transaction-api\2.0.1\jakarta.transaction-api-2.0.1.jar;C:\Users\super\.m2\repository\org\jboss\logging\jboss-logging\3.5.3.Final\jboss-logging-3.5.3.Final.jar;C:\Users\super\.m2\repository\org\hibernate\common\hibernate-commons-annotations\6.0.6.Final\hibernate-commons-annotations-6.0.6.Final.jar;C:\Users\super\.m2\repository\io\smallrye\jandex\3.1.2\jandex-3.1.2.jar;C:\Users\super\.m2\repository\com\fasterxml\classmate\1.7.0\classmate-1.7.0.jar;C:\Users\super\.m2\repository\net\bytebuddy\byte-buddy\1.14.18\byte-buddy-1.14.18.jar;C:\Users\super\.m2\repository\org\glassfish\jaxb\jaxb-runtime\4.0.5\jaxb-runtime-4.0.5.jar;C:\Users\super\.m2\repository\org\glassfish\jaxb\jaxb-core\4.0.5\jaxb-core-4.0.5.jar;C:\Users\super\.m2\repository\org\glassfish\jaxb\txw2\4.0.5\txw2-4.0.5.jar;C:\Users\super\.m2\repository\com\sun\istack\istack-commons-runtime\4.1.2\istack-commons-runtime-4.1.2.jar;C:\Users\super\.m2\repository\jakarta\inject\jakarta.inject-api\2.0.1\jakarta.inject-api-2.0.1.jar;C:\Users\super\.m2\repository\org\antlr\antlr4-runtime\4.13.0\antlr4-runtime-4.13.0.jar;C:\Users\super\.m2\repository\org\springframework\data\spring-data-jpa\3.3.2\spring-data-jpa-3.3.2.jar;C:\Users\super\.m2\repository\org\springframework\data\spring-data-commons\3.3.2\spring-data-commons-3.3.2.jar;C:\Users\super\.m2\repository\org\springframework\spring-orm\6.1.11\spring-orm-6.1.11.jar;C:\Users\super\.m2\repository\org\springframework\spring-tx\6.1.11\spring-tx-6.1.11.jar;C:\Users\super\.m2\repository\org\springframework\spring-aspects\6.1.11\spring-aspects-6.1.11.jar;C:\Users\super\.m2\repository\org\springframework\boot\spring-boot-starter-validation\3.3.2\spring-boot-starter-validation-3.3.2.jar;C:\Users\super\.m2\repository\org\apache\tomcat\embed\tomcat-embed-el\10.1.26\tomcat-embed-el-10.1.26.jar;C:\Users\super\.m2\repository\org\hibernate\validator\hibernate-validator\8.0.1.Final\hibernate-validator-8.0.1.Final.jar;C:\Users\super\.m2\repository\jakarta\validation\jakarta.validation-api\3.0.2\jakarta.validation-api-3.0.2.jar;C:\Users\super\.m2\repository\com\mysql\mysql-connector-j\8.3.0\mysql-connector-j-8.3.0.jar;C:\Users\super\.m2\repository\org\projectlombok\lombok\1.18.34\lombok-1.18.34.jar;C:\Users\super\.m2\repository\jakarta\xml\bind\jakarta.xml.bind-api\4.0.2\jakarta.xml.bind-api-4.0.2.jar;C:\Users\super\.m2\repository\org\springframework\spring-core\6.1.11\spring-core-6.1.11.jar;C:\Users\super\.m2\repository\org\springframework\spring-jcl\6.1.11\spring-jcl-6.1.11.jar;C:\Users\super\.m2\repository\org\springframework\security\spring-security-core\6.3.1\spring-security-core-6.3.1.jar;C:\Users\super\.m2\repository\org\springframework\security\spring-security-crypto\6.3.1\spring-security-crypto-6.3.1.jar
Launcher Type: SUN_STANDARD

[Global flags]
     intx CICompilerCount                          = 12                                        {product} {ergonomic}
     uint ConcGCThreads                            = 3                                         {product} {ergonomic}
     uint G1ConcRefinementThreads                  = 13                                        {product} {ergonomic}
   size_t G1HeapRegionSize                         = 1048576                                   {product} {ergonomic}
   size_t InitialHeapSize                          = 125829120                                 {product} {ergonomic}
     bool ManagementServer                         = true                                      {product} {command line}
   size_t MarkStackSize                            = 4194304                                   {product} {ergonomic}
   size_t MaxHeapSize                              = 1992294400                                {product} {ergonomic}
   size_t MaxNewSize                               = 1195376640                                {product} {ergonomic}
   size_t MinHeapDeltaBytes                        = 1048576                                   {product} {ergonomic}
   size_t MinHeapSize                              = 8388608                                   {product} {ergonomic}
    uintx NonNMethodCodeHeapSize                   = 4096                                   {pd product} {ergonomic}
    uintx NonProfiledCodeHeapSize                  = 0                                      {pd product} {ergonomic}
     bool ProfileInterpreter                       = false                                  {pd product} {command line}
    uintx ProfiledCodeHeapSize                     = 0                                      {pd product} {ergonomic}
   size_t SoftMaxHeapSize                          = 1992294400                             {manageable} {ergonomic}
     intx TieredStopAtLevel                        = 1                                         {product} {command line}
     bool UseCompressedOops                        = true                           {product lp64_product} {ergonomic}
     bool UseG1GC                                  = true                                      {product} {ergonomic}
     bool UseLargePagesIndividualAllocation        = false                                  {pd product} {ergonomic}

Logging:
Log output configuration:
 #0: stdout all=warning uptime,level,tags foldmultilines=false
 #1: stderr all=off uptime,level,tags foldmultilines=false

Environment Variables:
PATH=C:\Program Files\Common Files\Oracle\Java\javapath;C:\Program Files (x86)\Common Files\Oracle\Java\java8path;C:\Program Files (x86)\Common Files\Oracle\Java\javapath;C:\Windows\system32;C:\Windows;C:\Windows\System32\Wbem;C:\Windows\System32\WindowsPowerShell\v1.0\;C:\Windows\System32\OpenSSH\;C:\Program Files\NVIDIA Corporation\NVIDIA NvDLISR;C:\Program Files (x86)\NVIDIA Corporation\PhysX\Common;C:\Program Files\Microsoft SQL Server\Client SDK\ODBC\170\Tools\Binn\;C:\Program Files\nodejs\;C:\Program Files\dotnet\;C:\Program Files\Docker\Docker\resources\bin;C:\Program Files\Cloudflare\Cloudflare WARP\;C:\Program Files\Git\cmd;C:\Program Files\PowerShell\7\;C:\Users\super\AppData\Local\Microsoft\WindowsApps;C:\Users\super\AppData\Roaming\npm;C:\Users\super\AppData\Local\Programs\Microsoft VS Code\bin;C:\Users\super\.dotnet\tools;F:\flutter\bin;
USERNAME=super
OS=Windows_NT
PROCESSOR_IDENTIFIER=AMD64 Family 23 Model 96 Stepping 1, AuthenticAMD
TMP=C:\Users\super\AppData\Local\Temp
TEMP=C:\Users\super\AppData\Local\Temp




Periodic native trim disabled

---------------  S Y S T E M  ---------------

OS:
 Windows 11 , 64 bit Build 22621 (10.0.22621.3958)
OS uptime: 0 days 0:26 hours
Hyper-V role detected

CPU: total 16 (initial active 16) (16 cores per cpu, 2 threads per core) family 23 model 96 stepping 1 microcode 0x0, cx8, cmov, fxsr, ht, mmx, 3dnowpref, sse, sse2, sse3, ssse3, sse4a, sse4.1, sse4.2, popcnt, lzcnt, tsc, tscinvbit, avx, avx2, aes, clmul, bmi1, bmi2, adx, sha, fma, vzeroupper, clflush, clflushopt, hv, rdtscp, rdpid, f16c
Processor Information for processor 0
  Max Mhz: 2900, Current Mhz: 2900, Mhz Limit: 2900
Processor Information for processor 1
  Max Mhz: 2900, Current Mhz: 2900, Mhz Limit: 2900
Processor Information for processor 2
  Max Mhz: 2900, Current Mhz: 2900, Mhz Limit: 2900
Processor Information for processor 3
  Max Mhz: 2900, Current Mhz: 2900, Mhz Limit: 2900
Processor Information for processor 4
  Max Mhz: 2900, Current Mhz: 2900, Mhz Limit: 2900
Processor Information for processor 5
  Max Mhz: 2900, Current Mhz: 2900, Mhz Limit: 2900
Processor Information for processor 6
  Max Mhz: 2900, Current Mhz: 1400, Mhz Limit: 2900
Processor Information for processor 7
  Max Mhz: 2900, Current Mhz: 1400, Mhz Limit: 2900
Processor Information for processor 8
  Max Mhz: 2900, Current Mhz: 1400, Mhz Limit: 2900
Processor Information for processor 9
  Max Mhz: 2900, Current Mhz: 1400, Mhz Limit: 2900
Processor Information for processor 10
  Max Mhz: 2900, Current Mhz: 1400, Mhz Limit: 2900
Processor Information for processor 11
  Max Mhz: 2900, Current Mhz: 1400, Mhz Limit: 2900
Processor Information for processor 12
  Max Mhz: 2900, Current Mhz: 1400, Mhz Limit: 2900
Processor Information for processor 13
  Max Mhz: 2900, Current Mhz: 1400, Mhz Limit: 2900
Processor Information for processor 14
  Max Mhz: 2900, Current Mhz: 1400, Mhz Limit: 2900
Processor Information for processor 15
  Max Mhz: 2900, Current Mhz: 1400, Mhz Limit: 2900

Memory: 4k page, system-wide physical 7597M (570M free)
TotalPageFile size 16226M (AvailPageFile size 2443M)
current process WorkingSet (physical memory assigned to process): 111M, peak: 111M
current process commit charge ("private bytes"): 244M, peak: 244M

vm_info: OpenJDK 64-Bit Server VM (22.0.2+9-70) for windows-amd64 JRE (22.0.2+9-70), built on 2024-06-04T16:52:23Z by "mach5one" with MS VC++ 17.6 (VS2022)

END.
